<?xml version="1.0" encoding="UTF-8"?>
<testsuite xmlns:xsi="http://www.w3.org/2001/XMLSchema-instance" xsi:noNamespaceSchemaLocation="https://maven.apache.org/surefire/maven-surefire-plugin/xsd/surefire-test-report-3.0.xsd" version="3.0" name="runner.TestRunner" time="46.824" tests="7" errors="0" skipped="0" failures="0">
  <properties>
    <property name="sun.desktop" value="windows"/>
    <property name="awt.toolkit" value="sun.awt.windows.WToolkit"/>
    <property name="java.specification.version" value="11"/>
    <property name="sun.cpu.isalist" value="amd64"/>
    <property name="sun.jnu.encoding" value="Cp1252"/>
    <property name="java.class.path" value="C:\Java_september_batch\CucumberJava\target\test-classes;C:\Java_september_batch\CucumberJava\target\classes;C:\Users\13474\.m2\repository\org\seleniumhq\selenium\selenium-java\4.1.0\selenium-java-4.1.0.jar;C:\Users\13474\.m2\repository\org\seleniumhq\selenium\selenium-api\4.1.0\selenium-api-4.1.0.jar;C:\Users\13474\.m2\repository\org\seleniumhq\selenium\selenium-chrome-driver\4.1.0\selenium-chrome-driver-4.1.0.jar;C:\Users\13474\.m2\repository\com\google\auto\service\auto-service-annotations\1.0.1\auto-service-annotations-1.0.1.jar;C:\Users\13474\.m2\repository\com\google\auto\service\auto-service\1.0.1\auto-service-1.0.1.jar;C:\Users\13474\.m2\repository\com\google\auto\auto-common\1.2\auto-common-1.2.jar;C:\Users\13474\.m2\repository\org\seleniumhq\selenium\selenium-chromium-driver\4.1.0\selenium-chromium-driver-4.1.0.jar;C:\Users\13474\.m2\repository\org\seleniumhq\selenium\selenium-json\4.1.0\selenium-json-4.1.0.jar;C:\Users\13474\.m2\repository\org\seleniumhq\selenium\selenium-devtools-v85\4.1.0\selenium-devtools-v85-4.1.0.jar;C:\Users\13474\.m2\repository\org\seleniumhq\selenium\selenium-devtools-v94\4.1.0\selenium-devtools-v94-4.1.0.jar;C:\Users\13474\.m2\repository\org\seleniumhq\selenium\selenium-devtools-v95\4.1.0\selenium-devtools-v95-4.1.0.jar;C:\Users\13474\.m2\repository\org\seleniumhq\selenium\selenium-devtools-v96\4.1.0\selenium-devtools-v96-4.1.0.jar;C:\Users\13474\.m2\repository\org\seleniumhq\selenium\selenium-edge-driver\4.1.0\selenium-edge-driver-4.1.0.jar;C:\Users\13474\.m2\repository\org\seleniumhq\selenium\selenium-firefox-driver\4.1.0\selenium-firefox-driver-4.1.0.jar;C:\Users\13474\.m2\repository\org\seleniumhq\selenium\selenium-firefox-xpi-driver\4.1.0\selenium-firefox-xpi-driver-4.1.0.jar;C:\Users\13474\.m2\repository\org\seleniumhq\selenium\selenium-ie-driver\4.1.0\selenium-ie-driver-4.1.0.jar;C:\Users\13474\.m2\repository\org\seleniumhq\selenium\selenium-opera-driver\4.1.0\selenium-opera-driver-4.1.0.jar;C:\Users\13474\.m2\repository\org\seleniumhq\selenium\selenium-remote-driver\4.1.0\selenium-remote-driver-4.1.0.jar;C:\Users\13474\.m2\repository\com\beust\jcommander\1.81\jcommander-1.81.jar;C:\Users\13474\.m2\repository\io\netty\netty-buffer\4.1.69.Final\netty-buffer-4.1.69.Final.jar;C:\Users\13474\.m2\repository\io\netty\netty-codec-http\4.1.69.Final\netty-codec-http-4.1.69.Final.jar;C:\Users\13474\.m2\repository\io\netty\netty-codec\4.1.69.Final\netty-codec-4.1.69.Final.jar;C:\Users\13474\.m2\repository\io\netty\netty-handler\4.1.69.Final\netty-handler-4.1.69.Final.jar;C:\Users\13474\.m2\repository\io\netty\netty-common\4.1.69.Final\netty-common-4.1.69.Final.jar;C:\Users\13474\.m2\repository\io\netty\netty-transport-native-epoll\4.1.69.Final\netty-transport-native-epoll-4.1.69.Final.jar;C:\Users\13474\.m2\repository\io\netty\netty-transport-native-kqueue\4.1.69.Final\netty-transport-native-kqueue-4.1.69.Final.jar;C:\Users\13474\.m2\repository\io\netty\netty-transport-native-unix-common\4.1.69.Final\netty-transport-native-unix-common-4.1.69.Final.jar;C:\Users\13474\.m2\repository\io\netty\netty-transport\4.1.69.Final\netty-transport-4.1.69.Final.jar;C:\Users\13474\.m2\repository\io\netty\netty-resolver\4.1.69.Final\netty-resolver-4.1.69.Final.jar;C:\Users\13474\.m2\repository\io\opentelemetry\opentelemetry-api\1.9.0\opentelemetry-api-1.9.0.jar;C:\Users\13474\.m2\repository\io\opentelemetry\opentelemetry-context\1.9.0\opentelemetry-context-1.9.0.jar;C:\Users\13474\.m2\repository\io\opentelemetry\opentelemetry-exporter-logging\1.9.0\opentelemetry-exporter-logging-1.9.0.jar;C:\Users\13474\.m2\repository\io\opentelemetry\opentelemetry-sdk-metrics\1.9.0-alpha\opentelemetry-sdk-metrics-1.9.0-alpha.jar;C:\Users\13474\.m2\repository\io\opentelemetry\opentelemetry-sdk-logs\1.9.0-alpha\opentelemetry-sdk-logs-1.9.0-alpha.jar;C:\Users\13474\.m2\repository\io\opentelemetry\opentelemetry-sdk-common\1.9.0\opentelemetry-sdk-common-1.9.0.jar;C:\Users\13474\.m2\repository\io\opentelemetry\opentelemetry-sdk-extension-autoconfigure-spi\1.9.0\opentelemetry-sdk-extension-autoconfigure-spi-1.9.0.jar;C:\Users\13474\.m2\repository\io\opentelemetry\opentelemetry-sdk-extension-autoconfigure\1.9.0-alpha\opentelemetry-sdk-extension-autoconfigure-1.9.0-alpha.jar;C:\Users\13474\.m2\repository\io\opentelemetry\opentelemetry-sdk-trace\1.9.0\opentelemetry-sdk-trace-1.9.0.jar;C:\Users\13474\.m2\repository\io\opentelemetry\opentelemetry-api-metrics\1.9.0-alpha\opentelemetry-api-metrics-1.9.0-alpha.jar;C:\Users\13474\.m2\repository\io\opentelemetry\opentelemetry-sdk\1.9.0\opentelemetry-sdk-1.9.0.jar;C:\Users\13474\.m2\repository\io\opentelemetry\opentelemetry-semconv\1.9.0-alpha\opentelemetry-semconv-1.9.0-alpha.jar;C:\Users\13474\.m2\repository\io\ous\jtoml\2.0.0\jtoml-2.0.0.jar;C:\Users\13474\.m2\repository\net\bytebuddy\byte-buddy\1.12.1\byte-buddy-1.12.1.jar;C:\Users\13474\.m2\repository\org\apache\commons\commons-exec\1.3\commons-exec-1.3.jar;C:\Users\13474\.m2\repository\org\asynchttpclient\async-http-client\2.12.3\async-http-client-2.12.3.jar;C:\Users\13474\.m2\repository\org\asynchttpclient\async-http-client-netty-utils\2.12.3\async-http-client-netty-utils-2.12.3.jar;C:\Users\13474\.m2\repository\io\netty\netty-codec-socks\4.1.60.Final\netty-codec-socks-4.1.60.Final.jar;C:\Users\13474\.m2\repository\io\netty\netty-handler-proxy\4.1.60.Final\netty-handler-proxy-4.1.60.Final.jar;C:\Users\13474\.m2\repository\io\netty\netty-transport-native-epoll\4.1.60.Final\netty-transport-native-epoll-4.1.60.Final-linux-x86_64.jar;C:\Users\13474\.m2\repository\io\netty\netty-transport-native-kqueue\4.1.60.Final\netty-transport-native-kqueue-4.1.60.Final-osx-x86_64.jar;C:\Users\13474\.m2\repository\org\reactivestreams\reactive-streams\1.0.3\reactive-streams-1.0.3.jar;C:\Users\13474\.m2\repository\com\typesafe\netty\netty-reactive-streams\2.0.4\netty-reactive-streams-2.0.4.jar;C:\Users\13474\.m2\repository\com\sun\activation\jakarta.activation\1.2.2\jakarta.activation-1.2.2.jar;C:\Users\13474\.m2\repository\org\seleniumhq\selenium\selenium-http\4.1.0\selenium-http-4.1.0.jar;C:\Users\13474\.m2\repository\net\jodah\failsafe\2.4.4\failsafe-2.4.4.jar;C:\Users\13474\.m2\repository\org\seleniumhq\selenium\selenium-safari-driver\4.1.0\selenium-safari-driver-4.1.0.jar;C:\Users\13474\.m2\repository\org\seleniumhq\selenium\selenium-support\4.1.0\selenium-support-4.1.0.jar;C:\Users\13474\.m2\repository\io\cucumber\cucumber-java\7.1.0\cucumber-java-7.1.0.jar;C:\Users\13474\.m2\repository\io\cucumber\cucumber-core\7.1.0\cucumber-core-7.1.0.jar;C:\Users\13474\.m2\repository\io\cucumber\cucumber-gherkin\7.1.0\cucumber-gherkin-7.1.0.jar;C:\Users\13474\.m2\repository\io\cucumber\cucumber-gherkin-messages\7.1.0\cucumber-gherkin-messages-7.1.0.jar;C:\Users\13474\.m2\repository\io\cucumber\messages\17.1.1\messages-17.1.1.jar;C:\Users\13474\.m2\repository\io\cucumber\tag-expressions\4.1.0\tag-expressions-4.1.0.jar;C:\Users\13474\.m2\repository\io\cucumber\cucumber-expressions\13.0.1\cucumber-expressions-13.0.1.jar;C:\Users\13474\.m2\repository\io\cucumber\datatable\7.1.0\datatable-7.1.0.jar;C:\Users\13474\.m2\repository\io\cucumber\cucumber-plugin\7.1.0\cucumber-plugin-7.1.0.jar;C:\Users\13474\.m2\repository\io\cucumber\docstring\7.1.0\docstring-7.1.0.jar;C:\Users\13474\.m2\repository\io\cucumber\html-formatter\17.0.0\html-formatter-17.0.0.jar;C:\Users\13474\.m2\repository\io\cucumber\create-meta\6.0.4\create-meta-6.0.4.jar;C:\Users\13474\.m2\repository\org\apiguardian\apiguardian-api\1.1.2\apiguardian-api-1.1.2.jar;C:\Users\13474\.m2\repository\io\cucumber\cucumber-junit\7.1.0\cucumber-junit-7.1.0.jar;C:\Users\13474\.m2\repository\junit\junit\4.13.2\junit-4.13.2.jar;C:\Users\13474\.m2\repository\org\hamcrest\hamcrest-core\1.3\hamcrest-core-1.3.jar;C:\Users\13474\.m2\repository\io\github\bonigarcia\webdrivermanager\5.0.3\webdrivermanager-5.0.3.jar;C:\Users\13474\.m2\repository\org\slf4j\slf4j-api\1.7.32\slf4j-api-1.7.32.jar;C:\Users\13474\.m2\repository\com\google\code\gson\gson\2.8.8\gson-2.8.8.jar;C:\Users\13474\.m2\repository\org\jsoup\jsoup\1.14.2\jsoup-1.14.2.jar;C:\Users\13474\.m2\repository\com\github\docker-java\docker-java\3.2.12\docker-java-3.2.12.jar;C:\Users\13474\.m2\repository\com\github\docker-java\docker-java-core\3.2.12\docker-java-core-3.2.12.jar;C:\Users\13474\.m2\repository\com\github\docker-java\docker-java-api\3.2.12\docker-java-api-3.2.12.jar;C:\Users\13474\.m2\repository\org\apache\commons\commons-compress\1.21\commons-compress-1.21.jar;C:\Users\13474\.m2\repository\org\bouncycastle\bcpkix-jdk15on\1.64\bcpkix-jdk15on-1.64.jar;C:\Users\13474\.m2\repository\org\bouncycastle\bcprov-jdk15on\1.64\bcprov-jdk15on-1.64.jar;C:\Users\13474\.m2\repository\org\slf4j\jcl-over-slf4j\1.7.30\jcl-over-slf4j-1.7.30.jar;C:\Users\13474\.m2\repository\com\github\docker-java\docker-java-transport-httpclient5\3.2.12\docker-java-transport-httpclient5-3.2.12.jar;C:\Users\13474\.m2\repository\com\github\docker-java\docker-java-transport\3.2.12\docker-java-transport-3.2.12.jar;C:\Users\13474\.m2\repository\org\apache\httpcomponents\client5\httpclient5\5.0.3\httpclient5-5.0.3.jar;C:\Users\13474\.m2\repository\org\apache\httpcomponents\core5\httpcore5\5.0.2\httpcore5-5.0.2.jar;C:\Users\13474\.m2\repository\commons-codec\commons-codec\1.13\commons-codec-1.13.jar;C:\Users\13474\.m2\repository\net\java\dev\jna\jna\5.8.0\jna-5.8.0.jar;C:\Users\13474\.m2\repository\com\google\guava\guava\30.1.1-jre\guava-30.1.1-jre.jar;C:\Users\13474\.m2\repository\com\google\guava\failureaccess\1.0.1\failureaccess-1.0.1.jar;C:\Users\13474\.m2\repository\com\google\guava\listenablefuture\9999.0-empty-to-avoid-conflict-with-guava\listenablefuture-9999.0-empty-to-avoid-conflict-with-guava.jar;C:\Users\13474\.m2\repository\com\google\code\findbugs\jsr305\3.0.2\jsr305-3.0.2.jar;C:\Users\13474\.m2\repository\org\checkerframework\checker-qual\3.8.0\checker-qual-3.8.0.jar;C:\Users\13474\.m2\repository\com\google\errorprone\error_prone_annotations\2.5.1\error_prone_annotations-2.5.1.jar;C:\Users\13474\.m2\repository\com\google\j2objc\j2objc-annotations\1.3\j2objc-annotations-1.3.jar;C:\Users\13474\.m2\repository\org\brotli\dec\0.1.2\dec-0.1.2.jar;C:\Users\13474\.m2\repository\org\junit\jupiter\junit-jupiter-api\5.8.2\junit-jupiter-api-5.8.2.jar;C:\Users\13474\.m2\repository\org\opentest4j\opentest4j\1.2.0\opentest4j-1.2.0.jar;C:\Users\13474\.m2\repository\org\junit\platform\junit-platform-commons\1.8.2\junit-platform-commons-1.8.2.jar;C:\Users\13474\.m2\repository\org\apache\logging\log4j\log4j-api\2.15.0\log4j-api-2.15.0.jar;C:\Users\13474\.m2\repository\org\apache\logging\log4j\log4j-core\2.15.0\log4j-core-2.15.0.jar;C:\Users\13474\.m2\repository\net\masterthought\cucumber-reporting\5.6.1\cucumber-reporting-5.6.1.jar;C:\Users\13474\.m2\repository\com\fasterxml\jackson\core\jackson-databind\2.12.1\jackson-databind-2.12.1.jar;C:\Users\13474\.m2\repository\com\fasterxml\jackson\core\jackson-annotations\2.12.1\jackson-annotations-2.12.1.jar;C:\Users\13474\.m2\repository\com\fasterxml\jackson\core\jackson-core\2.12.1\jackson-core-2.12.1.jar;C:\Users\13474\.m2\repository\com\fasterxml\jackson\datatype\jackson-datatype-jsr310\2.12.1\jackson-datatype-jsr310-2.12.1.jar;C:\Users\13474\.m2\repository\org\apache\velocity\velocity-engine-core\2.3\velocity-engine-core-2.3.jar;C:\Users\13474\.m2\repository\commons-collections\commons-collections\3.2.2\commons-collections-3.2.2.jar;C:\Users\13474\.m2\repository\joda-time\joda-time\2.10.10\joda-time-2.10.10.jar;C:\Users\13474\.m2\repository\org\apache\commons\commons-lang3\3.12.0\commons-lang3-3.12.0.jar;C:\Users\13474\.m2\repository\commons-io\commons-io\2.7\commons-io-2.7.jar;C:\Users\13474\.m2\repository\org\codehaus\plexus\plexus-utils\3.3.0\plexus-utils-3.3.0.jar;C:\Users\13474\.m2\repository\com\googlecode\owasp-java-html-sanitizer\owasp-java-html-sanitizer\20211018.2\owasp-java-html-sanitizer-20211018.2.jar;C:\Users\13474\.m2\repository\commons-configuration\commons-configuration\1.10\commons-configuration-1.10.jar;C:\Users\13474\.m2\repository\commons-lang\commons-lang\2.6\commons-lang-2.6.jar;C:\Users\13474\.m2\repository\commons-logging\commons-logging\1.1.1\commons-logging-1.1.1.jar;"/>
    <property name="java.vm.vendor" value="Oracle Corporation"/>
    <property name="sun.arch.data.model" value="64"/>
    <property name="user.variant" value=""/>
    <property name="java.vendor.url" value="https://openjdk.java.net/"/>
    <property name="user.timezone" value="America/New_York"/>
    <property name="java.vm.specification.version" value="11"/>
    <property name="os.name" value="Windows 10"/>
    <property name="sun.java.launcher" value="SUN_STANDARD"/>
    <property name="user.country" value="US"/>
    <property name="sun.boot.library.path" value="C:\Program Files\Java\jdk-11.0.11\bin"/>
    <property name="sun.java.command" value="C:\Users\13474\AppData\Local\Temp\surefire8963344722299803624\surefirebooter12489195534826767491.jar C:\Users\13474\AppData\Local\Temp\surefire8963344722299803624 2021-12-14T18-17-28_174-jvmRun1 surefire8452018204569150064tmp surefire_01789750664582394253tmp"/>
    <property name="jdk.debug" value="release"/>
    <property name="surefire.test.class.path" value="C:\Java_september_batch\CucumberJava\target\test-classes;C:\Java_september_batch\CucumberJava\target\classes;C:\Users\13474\.m2\repository\org\seleniumhq\selenium\selenium-java\4.1.0\selenium-java-4.1.0.jar;C:\Users\13474\.m2\repository\org\seleniumhq\selenium\selenium-api\4.1.0\selenium-api-4.1.0.jar;C:\Users\13474\.m2\repository\org\seleniumhq\selenium\selenium-chrome-driver\4.1.0\selenium-chrome-driver-4.1.0.jar;C:\Users\13474\.m2\repository\com\google\auto\service\auto-service-annotations\1.0.1\auto-service-annotations-1.0.1.jar;C:\Users\13474\.m2\repository\com\google\auto\service\auto-service\1.0.1\auto-service-1.0.1.jar;C:\Users\13474\.m2\repository\com\google\auto\auto-common\1.2\auto-common-1.2.jar;C:\Users\13474\.m2\repository\org\seleniumhq\selenium\selenium-chromium-driver\4.1.0\selenium-chromium-driver-4.1.0.jar;C:\Users\13474\.m2\repository\org\seleniumhq\selenium\selenium-json\4.1.0\selenium-json-4.1.0.jar;C:\Users\13474\.m2\repository\org\seleniumhq\selenium\selenium-devtools-v85\4.1.0\selenium-devtools-v85-4.1.0.jar;C:\Users\13474\.m2\repository\org\seleniumhq\selenium\selenium-devtools-v94\4.1.0\selenium-devtools-v94-4.1.0.jar;C:\Users\13474\.m2\repository\org\seleniumhq\selenium\selenium-devtools-v95\4.1.0\selenium-devtools-v95-4.1.0.jar;C:\Users\13474\.m2\repository\org\seleniumhq\selenium\selenium-devtools-v96\4.1.0\selenium-devtools-v96-4.1.0.jar;C:\Users\13474\.m2\repository\org\seleniumhq\selenium\selenium-edge-driver\4.1.0\selenium-edge-driver-4.1.0.jar;C:\Users\13474\.m2\repository\org\seleniumhq\selenium\selenium-firefox-driver\4.1.0\selenium-firefox-driver-4.1.0.jar;C:\Users\13474\.m2\repository\org\seleniumhq\selenium\selenium-firefox-xpi-driver\4.1.0\selenium-firefox-xpi-driver-4.1.0.jar;C:\Users\13474\.m2\repository\org\seleniumhq\selenium\selenium-ie-driver\4.1.0\selenium-ie-driver-4.1.0.jar;C:\Users\13474\.m2\repository\org\seleniumhq\selenium\selenium-opera-driver\4.1.0\selenium-opera-driver-4.1.0.jar;C:\Users\13474\.m2\repository\org\seleniumhq\selenium\selenium-remote-driver\4.1.0\selenium-remote-driver-4.1.0.jar;C:\Users\13474\.m2\repository\com\beust\jcommander\1.81\jcommander-1.81.jar;C:\Users\13474\.m2\repository\io\netty\netty-buffer\4.1.69.Final\netty-buffer-4.1.69.Final.jar;C:\Users\13474\.m2\repository\io\netty\netty-codec-http\4.1.69.Final\netty-codec-http-4.1.69.Final.jar;C:\Users\13474\.m2\repository\io\netty\netty-codec\4.1.69.Final\netty-codec-4.1.69.Final.jar;C:\Users\13474\.m2\repository\io\netty\netty-handler\4.1.69.Final\netty-handler-4.1.69.Final.jar;C:\Users\13474\.m2\repository\io\netty\netty-common\4.1.69.Final\netty-common-4.1.69.Final.jar;C:\Users\13474\.m2\repository\io\netty\netty-transport-native-epoll\4.1.69.Final\netty-transport-native-epoll-4.1.69.Final.jar;C:\Users\13474\.m2\repository\io\netty\netty-transport-native-kqueue\4.1.69.Final\netty-transport-native-kqueue-4.1.69.Final.jar;C:\Users\13474\.m2\repository\io\netty\netty-transport-native-unix-common\4.1.69.Final\netty-transport-native-unix-common-4.1.69.Final.jar;C:\Users\13474\.m2\repository\io\netty\netty-transport\4.1.69.Final\netty-transport-4.1.69.Final.jar;C:\Users\13474\.m2\repository\io\netty\netty-resolver\4.1.69.Final\netty-resolver-4.1.69.Final.jar;C:\Users\13474\.m2\repository\io\opentelemetry\opentelemetry-api\1.9.0\opentelemetry-api-1.9.0.jar;C:\Users\13474\.m2\repository\io\opentelemetry\opentelemetry-context\1.9.0\opentelemetry-context-1.9.0.jar;C:\Users\13474\.m2\repository\io\opentelemetry\opentelemetry-exporter-logging\1.9.0\opentelemetry-exporter-logging-1.9.0.jar;C:\Users\13474\.m2\repository\io\opentelemetry\opentelemetry-sdk-metrics\1.9.0-alpha\opentelemetry-sdk-metrics-1.9.0-alpha.jar;C:\Users\13474\.m2\repository\io\opentelemetry\opentelemetry-sdk-logs\1.9.0-alpha\opentelemetry-sdk-logs-1.9.0-alpha.jar;C:\Users\13474\.m2\repository\io\opentelemetry\opentelemetry-sdk-common\1.9.0\opentelemetry-sdk-common-1.9.0.jar;C:\Users\13474\.m2\repository\io\opentelemetry\opentelemetry-sdk-extension-autoconfigure-spi\1.9.0\opentelemetry-sdk-extension-autoconfigure-spi-1.9.0.jar;C:\Users\13474\.m2\repository\io\opentelemetry\opentelemetry-sdk-extension-autoconfigure\1.9.0-alpha\opentelemetry-sdk-extension-autoconfigure-1.9.0-alpha.jar;C:\Users\13474\.m2\repository\io\opentelemetry\opentelemetry-sdk-trace\1.9.0\opentelemetry-sdk-trace-1.9.0.jar;C:\Users\13474\.m2\repository\io\opentelemetry\opentelemetry-api-metrics\1.9.0-alpha\opentelemetry-api-metrics-1.9.0-alpha.jar;C:\Users\13474\.m2\repository\io\opentelemetry\opentelemetry-sdk\1.9.0\opentelemetry-sdk-1.9.0.jar;C:\Users\13474\.m2\repository\io\opentelemetry\opentelemetry-semconv\1.9.0-alpha\opentelemetry-semconv-1.9.0-alpha.jar;C:\Users\13474\.m2\repository\io\ous\jtoml\2.0.0\jtoml-2.0.0.jar;C:\Users\13474\.m2\repository\net\bytebuddy\byte-buddy\1.12.1\byte-buddy-1.12.1.jar;C:\Users\13474\.m2\repository\org\apache\commons\commons-exec\1.3\commons-exec-1.3.jar;C:\Users\13474\.m2\repository\org\asynchttpclient\async-http-client\2.12.3\async-http-client-2.12.3.jar;C:\Users\13474\.m2\repository\org\asynchttpclient\async-http-client-netty-utils\2.12.3\async-http-client-netty-utils-2.12.3.jar;C:\Users\13474\.m2\repository\io\netty\netty-codec-socks\4.1.60.Final\netty-codec-socks-4.1.60.Final.jar;C:\Users\13474\.m2\repository\io\netty\netty-handler-proxy\4.1.60.Final\netty-handler-proxy-4.1.60.Final.jar;C:\Users\13474\.m2\repository\io\netty\netty-transport-native-epoll\4.1.60.Final\netty-transport-native-epoll-4.1.60.Final-linux-x86_64.jar;C:\Users\13474\.m2\repository\io\netty\netty-transport-native-kqueue\4.1.60.Final\netty-transport-native-kqueue-4.1.60.Final-osx-x86_64.jar;C:\Users\13474\.m2\repository\org\reactivestreams\reactive-streams\1.0.3\reactive-streams-1.0.3.jar;C:\Users\13474\.m2\repository\com\typesafe\netty\netty-reactive-streams\2.0.4\netty-reactive-streams-2.0.4.jar;C:\Users\13474\.m2\repository\com\sun\activation\jakarta.activation\1.2.2\jakarta.activation-1.2.2.jar;C:\Users\13474\.m2\repository\org\seleniumhq\selenium\selenium-http\4.1.0\selenium-http-4.1.0.jar;C:\Users\13474\.m2\repository\net\jodah\failsafe\2.4.4\failsafe-2.4.4.jar;C:\Users\13474\.m2\repository\org\seleniumhq\selenium\selenium-safari-driver\4.1.0\selenium-safari-driver-4.1.0.jar;C:\Users\13474\.m2\repository\org\seleniumhq\selenium\selenium-support\4.1.0\selenium-support-4.1.0.jar;C:\Users\13474\.m2\repository\io\cucumber\cucumber-java\7.1.0\cucumber-java-7.1.0.jar;C:\Users\13474\.m2\repository\io\cucumber\cucumber-core\7.1.0\cucumber-core-7.1.0.jar;C:\Users\13474\.m2\repository\io\cucumber\cucumber-gherkin\7.1.0\cucumber-gherkin-7.1.0.jar;C:\Users\13474\.m2\repository\io\cucumber\cucumber-gherkin-messages\7.1.0\cucumber-gherkin-messages-7.1.0.jar;C:\Users\13474\.m2\repository\io\cucumber\messages\17.1.1\messages-17.1.1.jar;C:\Users\13474\.m2\repository\io\cucumber\tag-expressions\4.1.0\tag-expressions-4.1.0.jar;C:\Users\13474\.m2\repository\io\cucumber\cucumber-expressions\13.0.1\cucumber-expressions-13.0.1.jar;C:\Users\13474\.m2\repository\io\cucumber\datatable\7.1.0\datatable-7.1.0.jar;C:\Users\13474\.m2\repository\io\cucumber\cucumber-plugin\7.1.0\cucumber-plugin-7.1.0.jar;C:\Users\13474\.m2\repository\io\cucumber\docstring\7.1.0\docstring-7.1.0.jar;C:\Users\13474\.m2\repository\io\cucumber\html-formatter\17.0.0\html-formatter-17.0.0.jar;C:\Users\13474\.m2\repository\io\cucumber\create-meta\6.0.4\create-meta-6.0.4.jar;C:\Users\13474\.m2\repository\org\apiguardian\apiguardian-api\1.1.2\apiguardian-api-1.1.2.jar;C:\Users\13474\.m2\repository\io\cucumber\cucumber-junit\7.1.0\cucumber-junit-7.1.0.jar;C:\Users\13474\.m2\repository\junit\junit\4.13.2\junit-4.13.2.jar;C:\Users\13474\.m2\repository\org\hamcrest\hamcrest-core\1.3\hamcrest-core-1.3.jar;C:\Users\13474\.m2\repository\io\github\bonigarcia\webdrivermanager\5.0.3\webdrivermanager-5.0.3.jar;C:\Users\13474\.m2\repository\org\slf4j\slf4j-api\1.7.32\slf4j-api-1.7.32.jar;C:\Users\13474\.m2\repository\com\google\code\gson\gson\2.8.8\gson-2.8.8.jar;C:\Users\13474\.m2\repository\org\jsoup\jsoup\1.14.2\jsoup-1.14.2.jar;C:\Users\13474\.m2\repository\com\github\docker-java\docker-java\3.2.12\docker-java-3.2.12.jar;C:\Users\13474\.m2\repository\com\github\docker-java\docker-java-core\3.2.12\docker-java-core-3.2.12.jar;C:\Users\13474\.m2\repository\com\github\docker-java\docker-java-api\3.2.12\docker-java-api-3.2.12.jar;C:\Users\13474\.m2\repository\org\apache\commons\commons-compress\1.21\commons-compress-1.21.jar;C:\Users\13474\.m2\repository\org\bouncycastle\bcpkix-jdk15on\1.64\bcpkix-jdk15on-1.64.jar;C:\Users\13474\.m2\repository\org\bouncycastle\bcprov-jdk15on\1.64\bcprov-jdk15on-1.64.jar;C:\Users\13474\.m2\repository\org\slf4j\jcl-over-slf4j\1.7.30\jcl-over-slf4j-1.7.30.jar;C:\Users\13474\.m2\repository\com\github\docker-java\docker-java-transport-httpclient5\3.2.12\docker-java-transport-httpclient5-3.2.12.jar;C:\Users\13474\.m2\repository\com\github\docker-java\docker-java-transport\3.2.12\docker-java-transport-3.2.12.jar;C:\Users\13474\.m2\repository\org\apache\httpcomponents\client5\httpclient5\5.0.3\httpclient5-5.0.3.jar;C:\Users\13474\.m2\repository\org\apache\httpcomponents\core5\httpcore5\5.0.2\httpcore5-5.0.2.jar;C:\Users\13474\.m2\repository\commons-codec\commons-codec\1.13\commons-codec-1.13.jar;C:\Users\13474\.m2\repository\net\java\dev\jna\jna\5.8.0\jna-5.8.0.jar;C:\Users\13474\.m2\repository\com\google\guava\guava\30.1.1-jre\guava-30.1.1-jre.jar;C:\Users\13474\.m2\repository\com\google\guava\failureaccess\1.0.1\failureaccess-1.0.1.jar;C:\Users\13474\.m2\repository\com\google\guava\listenablefuture\9999.0-empty-to-avoid-conflict-with-guava\listenablefuture-9999.0-empty-to-avoid-conflict-with-guava.jar;C:\Users\13474\.m2\repository\com\google\code\findbugs\jsr305\3.0.2\jsr305-3.0.2.jar;C:\Users\13474\.m2\repository\org\checkerframework\checker-qual\3.8.0\checker-qual-3.8.0.jar;C:\Users\13474\.m2\repository\com\google\errorprone\error_prone_annotations\2.5.1\error_prone_annotations-2.5.1.jar;C:\Users\13474\.m2\repository\com\google\j2objc\j2objc-annotations\1.3\j2objc-annotations-1.3.jar;C:\Users\13474\.m2\repository\org\brotli\dec\0.1.2\dec-0.1.2.jar;C:\Users\13474\.m2\repository\org\junit\jupiter\junit-jupiter-api\5.8.2\junit-jupiter-api-5.8.2.jar;C:\Users\13474\.m2\repository\org\opentest4j\opentest4j\1.2.0\opentest4j-1.2.0.jar;C:\Users\13474\.m2\repository\org\junit\platform\junit-platform-commons\1.8.2\junit-platform-commons-1.8.2.jar;C:\Users\13474\.m2\repository\org\apache\logging\log4j\log4j-api\2.15.0\log4j-api-2.15.0.jar;C:\Users\13474\.m2\repository\org\apache\logging\log4j\log4j-core\2.15.0\log4j-core-2.15.0.jar;C:\Users\13474\.m2\repository\net\masterthought\cucumber-reporting\5.6.1\cucumber-reporting-5.6.1.jar;C:\Users\13474\.m2\repository\com\fasterxml\jackson\core\jackson-databind\2.12.1\jackson-databind-2.12.1.jar;C:\Users\13474\.m2\repository\com\fasterxml\jackson\core\jackson-annotations\2.12.1\jackson-annotations-2.12.1.jar;C:\Users\13474\.m2\repository\com\fasterxml\jackson\core\jackson-core\2.12.1\jackson-core-2.12.1.jar;C:\Users\13474\.m2\repository\com\fasterxml\jackson\datatype\jackson-datatype-jsr310\2.12.1\jackson-datatype-jsr310-2.12.1.jar;C:\Users\13474\.m2\repository\org\apache\velocity\velocity-engine-core\2.3\velocity-engine-core-2.3.jar;C:\Users\13474\.m2\repository\commons-collections\commons-collections\3.2.2\commons-collections-3.2.2.jar;C:\Users\13474\.m2\repository\joda-time\joda-time\2.10.10\joda-time-2.10.10.jar;C:\Users\13474\.m2\repository\org\apache\commons\commons-lang3\3.12.0\commons-lang3-3.12.0.jar;C:\Users\13474\.m2\repository\commons-io\commons-io\2.7\commons-io-2.7.jar;C:\Users\13474\.m2\repository\org\codehaus\plexus\plexus-utils\3.3.0\plexus-utils-3.3.0.jar;C:\Users\13474\.m2\repository\com\googlecode\owasp-java-html-sanitizer\owasp-java-html-sanitizer\20211018.2\owasp-java-html-sanitizer-20211018.2.jar;C:\Users\13474\.m2\repository\commons-configuration\commons-configuration\1.10\commons-configuration-1.10.jar;C:\Users\13474\.m2\repository\commons-lang\commons-lang\2.6\commons-lang-2.6.jar;C:\Users\13474\.m2\repository\commons-logging\commons-logging\1.1.1\commons-logging-1.1.1.jar;"/>
    <property name="sun.cpu.endian" value="little"/>
    <property name="user.home" value="C:\Users\13474"/>
    <property name="user.language" value="en"/>
    <property name="java.specification.vendor" value="Oracle Corporation"/>
    <property name="java.version.date" value="2021-04-20"/>
    <property name="java.home" value="C:\Program Files\Java\jdk-11.0.11"/>
    <property name="file.separator" value="\"/>
    <property name="basedir" value="C:\Java_september_batch\CucumberJava"/>
    <property name="java.vm.compressedOopsMode" value="32-bit"/>
    <property name="line.separator" value="&#10;"/>
    <property name="java.specification.name" value="Java Platform API Specification"/>
    <property name="java.vm.specification.vendor" value="Oracle Corporation"/>
    <property name="java.awt.graphicsenv" value="sun.awt.Win32GraphicsEnvironment"/>
    <property name="surefire.real.class.path" value="C:\Users\13474\AppData\Local\Temp\surefire8963344722299803624\surefirebooter12489195534826767491.jar"/>
    <property name="user.script" value=""/>
    <property name="sun.management.compiler" value="HotSpot 64-Bit Tiered Compilers"/>
    <property name="java.runtime.version" value="11.0.11+9-LTS-194"/>
    <property name="user.name" value="13474"/>
    <property name="path.separator" value=";"/>
    <property name="otel.metrics.exporter" value="none"/>
    <property name="os.version" value="10.0"/>
    <property name="java.runtime.name" value="Java(TM) SE Runtime Environment"/>
    <property name="otel.traces.exporter" value="none"/>
    <property name="file.encoding" value="Cp1252"/>
    <property name="browser" value="chrome"/>
    <property name="sun.nio.ch.bugLevel" value=""/>
    <property name="java.vm.name" value="Java HotSpot(TM) 64-Bit Server VM"/>
    <property name="java.vendor.version" value="18.9"/>
    <property name="localRepository" value="C:\Users\13474\.m2\repository"/>
    <property name="java.vendor.url.bug" value="https://bugreport.java.com/bugreport/"/>
    <property name="java.io.tmpdir" value="C:\Users\13474\AppData\Local\Temp\"/>
    <property name="java.version" value="11.0.11"/>
    <property name="user.dir" value="C:\Java_september_batch\CucumberJava"/>
    <property name="os.arch" value="amd64"/>
    <property name="java.vm.specification.name" value="Java Virtual Machine Specification"/>
    <property name="java.awt.printerjob" value="sun.awt.windows.WPrinterJob"/>
    <property name="sun.os.patch.level" value=""/>
    <property name="environment" value="remote"/>
    <property name="java.library.path" value="C:\Program Files\Java\jdk-11.0.11\bin;C:\Windows\Sun\Java\bin;C:\Windows\system32;C:\Windows;C:\Program Files\Git\mingw64\bin;C:\Program Files\Git\usr\bin;C:\Users\13474\bin;C:\Program Files\Java\jdk-11.0.11\bin;C:\Program Files\nodejs;C:\Program Files\Git\cmd;C:\Users\13474\AppData\Local\Android\Sdk\platform-tools;C:\Users\13474\AppData\Local\Android\Sdk\tools;C:\Users\13474\AppData\Local\Android\Sdk\tools\bin;C:\Program Files\nodejs;C:\Program Files\PuTTY;C:\Users\13474\AppData\Local\Microsoft\WindowsApps;C:\Users\13474\AppData\Roaming\npm;C:\Users\13474\AppData\Local\Programs\Microsoft VS Code\bin;C:\maven\apache-maven-3.8.1-bin\apache-maven-3.8.1\bin;%ALLURE_HOME%\bin;C:\Program Files\allure-2.14.0\bin;C:\Users\13474\AppData\Local\gitkraken\bin;."/>
    <property name="java.vendor" value="Oracle Corporation"/>
    <property name="java.vm.info" value="mixed mode"/>
    <property name="java.vm.version" value="11.0.11+9-LTS-194"/>
    <property name="sun.io.unicode.encoding" value="UnicodeLittle"/>
    <property name="java.class.version" value="55.0"/>
  </properties>
  <testcase name="Check Login successful with valid credentials #1" classname="Test Login Functionalities" time="9.973">
    <system-out><![CDATA[
@Login_Test @positive_test
Scenario: Check Login successful with valid credentials   &amp#27;[90m# src/test/resources/Features/login.feature:8&amp#27;[0m
18:17:37.438 [main] &amp#27;[0mINFO  step_definitions.Hooks -Browser opens as expected&amp#27;[m
18:17:38.476 [main] &amp#27;[0mINFO  step_definitions.LoginSteps -user is on login page&amp#27;[m
  &amp#27;[32mGiven &amp#27;[0m&amp#27;[32muser is on login page&amp#27;[0m                             &amp#27;[90m# step_definitions.LoginSteps.NavigateToLoginPage()&amp#27;[0m
18:17:39.360 [main] &amp#27;[0mINFO  step_definitions.LoginSteps -user enters username and password&amp#27;[m
  &amp#27;[32mWhen &amp#27;[0m&amp#27;[32muser enters username "&amp#27;[0m&amp#27;[32m&amp#27;[1mEdward&amp#27;[0m&amp#27;[32m" and password "&amp#27;[0m&amp#27;[32m&amp#27;[1m12345&amp#27;[0m&amp#27;[32m"&amp#27;[0m &amp#27;[90m# step_definitions.LoginSteps.entersUserCredentials(java.lang.String,java.lang.String)&amp#27;[0m
18:17:39.571 [main] &amp#27;[0mINFO  step_definitions.LoginSteps -user click on login button&amp#27;[m
  &amp#27;[32mAnd &amp#27;[0m&amp#27;[32mclick on login button&amp#27;[0m                               &amp#27;[90m# step_definitions.LoginSteps.clickOnLoginButton()&amp#27;[0m
18:17:39.775 [main] &amp#27;[0mINFO  step_definitions.LoginSteps -user successfully login the home page&amp#27;[m
  &amp#27;[32mThen &amp#27;[0m&amp#27;[32muser is navigate on Homepage&amp#27;[0m                       &amp#27;[90m# step_definitions.LoginSteps.validateLoginIsSuccessful()&amp#27;[0m
18:17:39.907 [main] &amp#27;[0mINFO  step_definitions.Hooks -Browser close as expected&amp#27;[m
]]></system-out>
    <system-err><![CDATA[Dec 14, 2021 6:17:30 PM org.openqa.selenium.remote.tracing.opentelemetry.OpenTelemetryTracer createTracer
INFO: Using OpenTelemetry for tracing
SLF4J: Failed to load class "org.slf4j.impl.StaticLoggerBinder".
SLF4J: Defaulting to no-operation (NOP) logger implementation
SLF4J: See http://www.slf4j.org/codes.html#StaticLoggerBinder for further details.
Dec 14, 2021 6:17:37 PM org.openqa.selenium.remote.ProtocolHandshake createSession
INFO: Detected dialect: W3C
]]></system-err>
  </testcase>
  <testcase name="Check Login successful with valid credentials #2" classname="Test Login Functionalities" time="7.515">
    <system-out><![CDATA[
@Login_Test @dataDriven_test @positive_test
Scenario Outline: Check Login successful with valid credentials &amp#27;[90m# src/test/resources/Features/login.feature:21&amp#27;[0m
18:17:45.060 [main] &amp#27;[0mINFO  step_definitions.Hooks -Browser opens as expected&amp#27;[m
18:17:45.957 [main] &amp#27;[0mINFO  step_definitions.LoginSteps -user is on login page&amp#27;[m
  &amp#27;[32mGiven &amp#27;[0m&amp#27;[32muser is on login page&amp#27;[0m                                   &amp#27;[90m# step_definitions.LoginSteps.NavigateToLoginPage()&amp#27;[0m
18:17:46.822 [main] &amp#27;[0mINFO  step_definitions.LoginSteps -user enters username and password&amp#27;[m
  &amp#27;[32mWhen &amp#27;[0m&amp#27;[32muser enters username "&amp#27;[0m&amp#27;[32m&amp#27;[1mRifat&amp#27;[0m&amp#27;[32m" and password "&amp#27;[0m&amp#27;[32m&amp#27;[1m12345&amp#27;[0m&amp#27;[32m"&amp#27;[0m        &amp#27;[90m# step_definitions.LoginSteps.entersUserCredentials(java.lang.String,java.lang.String)&amp#27;[0m
18:17:47.075 [main] &amp#27;[0mINFO  step_definitions.LoginSteps -user click on login button&amp#27;[m
  &amp#27;[32mAnd &amp#27;[0m&amp#27;[32mclick on login button&amp#27;[0m                                     &amp#27;[90m# step_definitions.LoginSteps.clickOnLoginButton()&amp#27;[0m
18:17:47.265 [main] &amp#27;[0mINFO  step_definitions.LoginSteps -user successfully login the home page&amp#27;[m
  &amp#27;[32mThen &amp#27;[0m&amp#27;[32muser is navigate on Homepage&amp#27;[0m                             &amp#27;[90m# step_definitions.LoginSteps.validateLoginIsSuccessful()&amp#27;[0m
18:17:47.422 [main] &amp#27;[0mINFO  step_definitions.Hooks -Browser close as expected&amp#27;[m
]]></system-out>
    <system-err><![CDATA[Dec 14, 2021 6:17:45 PM org.openqa.selenium.remote.ProtocolHandshake createSession
INFO: Detected dialect: W3C
]]></system-err>
  </testcase>
  <testcase name="Check Login successful with valid credentials #3" classname="Test Login Functionalities" time="4.642">
    <system-out><![CDATA[
@Login_Test @dataDriven_test @positive_test
Scenario Outline: Check Login successful with valid credentials &amp#27;[90m# src/test/resources/Features/login.feature:22&amp#27;[0m
18:17:49.778 [main] &amp#27;[0mINFO  step_definitions.Hooks -Browser opens as expected&amp#27;[m
18:17:50.673 [main] &amp#27;[0mINFO  step_definitions.LoginSteps -user is on login page&amp#27;[m
  &amp#27;[32mGiven &amp#27;[0m&amp#27;[32muser is on login page&amp#27;[0m                                   &amp#27;[90m# step_definitions.LoginSteps.NavigateToLoginPage()&amp#27;[0m
18:17:51.519 [main] &amp#27;[0mINFO  step_definitions.LoginSteps -user enters username and password&amp#27;[m
  &amp#27;[32mWhen &amp#27;[0m&amp#27;[32muser enters username "&amp#27;[0m&amp#27;[32m&amp#27;[1mAshraf&amp#27;[0m&amp#27;[32m" and password "&amp#27;[0m&amp#27;[32m&amp#27;[1m12345&amp#27;[0m&amp#27;[32m"&amp#27;[0m       &amp#27;[90m# step_definitions.LoginSteps.entersUserCredentials(java.lang.String,java.lang.String)&amp#27;[0m
18:17:51.738 [main] &amp#27;[0mINFO  step_definitions.LoginSteps -user click on login button&amp#27;[m
  &amp#27;[32mAnd &amp#27;[0m&amp#27;[32mclick on login button&amp#27;[0m                                     &amp#27;[90m# step_definitions.LoginSteps.clickOnLoginButton()&amp#27;[0m
18:17:51.936 [main] &amp#27;[0mINFO  step_definitions.LoginSteps -user successfully login the home page&amp#27;[m
  &amp#27;[32mThen &amp#27;[0m&amp#27;[32muser is navigate on Homepage&amp#27;[0m                             &amp#27;[90m# step_definitions.LoginSteps.validateLoginIsSuccessful()&amp#27;[0m
18:17:52.064 [main] &amp#27;[0mINFO  step_definitions.Hooks -Browser close as expected&amp#27;[m
]]></system-out>
    <system-err><![CDATA[Dec 14, 2021 6:17:49 PM org.openqa.selenium.remote.ProtocolHandshake createSession
INFO: Detected dialect: W3C
]]></system-err>
  </testcase>
  <testcase name="Check Login successful with valid credentials #4" classname="Test Login Functionalities" time="5.633">
    <system-out><![CDATA[
@Login_Test @dataDriven_test @positive_test
Scenario Outline: Check Login successful with valid credentials &amp#27;[90m# src/test/resources/Features/login.feature:23&amp#27;[0m
18:17:54.307 [main] &amp#27;[0mINFO  step_definitions.Hooks -Browser opens as expected&amp#27;[m
18:17:56.399 [main] &amp#27;[0mINFO  step_definitions.LoginSteps -user is on login page&amp#27;[m
  &amp#27;[32mGiven &amp#27;[0m&amp#27;[32muser is on login page&amp#27;[0m                                   &amp#27;[90m# step_definitions.LoginSteps.NavigateToLoginPage()&amp#27;[0m
18:17:57.218 [main] &amp#27;[0mINFO  step_definitions.LoginSteps -user enters username and password&amp#27;[m
  &amp#27;[32mWhen &amp#27;[0m&amp#27;[32muser enters username "&amp#27;[0m&amp#27;[32m&amp#27;[1mJohn&amp#27;[0m&amp#27;[32m" and password "&amp#27;[0m&amp#27;[32m&amp#27;[1m12345&amp#27;[0m&amp#27;[32m"&amp#27;[0m         &amp#27;[90m# step_definitions.LoginSteps.entersUserCredentials(java.lang.String,java.lang.String)&amp#27;[0m
18:17:57.425 [main] &amp#27;[0mINFO  step_definitions.LoginSteps -user click on login button&amp#27;[m
  &amp#27;[32mAnd &amp#27;[0m&amp#27;[32mclick on login button&amp#27;[0m                                     &amp#27;[90m# step_definitions.LoginSteps.clickOnLoginButton()&amp#27;[0m
18:17:57.571 [main] &amp#27;[0mINFO  step_definitions.LoginSteps -user successfully login the home page&amp#27;[m
  &amp#27;[32mThen &amp#27;[0m&amp#27;[32muser is navigate on Homepage&amp#27;[0m                             &amp#27;[90m# step_definitions.LoginSteps.validateLoginIsSuccessful()&amp#27;[0m
18:17:57.697 [main] &amp#27;[0mINFO  step_definitions.Hooks -Browser close as expected&amp#27;[m
]]></system-out>
    <system-err><![CDATA[Dec 14, 2021 6:17:54 PM org.openqa.selenium.remote.ProtocolHandshake createSession
INFO: Detected dialect: W3C
]]></system-err>
  </testcase>
  <testcase name="Check Login successful using Data table" classname="Test Login Functionalities" time="3.639">
    <system-out><![CDATA[
@Login_Test @dataDriven_test @positive_test
Scenario: Check Login successful using Data table           &amp#27;[90m# src/test/resources/Features/login.feature:26&amp#27;[0m
18:17:59.275 [main] &amp#27;[0mINFO  step_definitions.Hooks -Browser opens as expected&amp#27;[m
18:18:00.036 [main] &amp#27;[0mINFO  step_definitions.LoginSteps -user is on login page&amp#27;[m
  &amp#27;[32mGiven &amp#27;[0m&amp#27;[32muser is on login page&amp#27;[0m                               &amp#27;[90m# step_definitions.LoginSteps.NavigateToLoginPage()&amp#27;[0m
18:18:00.864 [main] &amp#27;[0mINFO  step_definitions.LoginSteps -user enters username and password&amp#27;[m
18:18:01.072 [main] &amp#27;[0mINFO  step_definitions.LoginSteps -user click on login button&amp#27;[m
  &amp#27;[32mWhen &amp#27;[0m&amp#27;[32muser click on Login Button upon entering credentials&amp#27;[0m &amp#27;[90m# step_definitions.LoginSteps.userClickOnLoginButtonEnteringCredentials(io.cucumber.datatable.DataTable)&amp#27;[0m
    | username | password |
    | Rifat    | 12345    |
18:18:01.219 [main] &amp#27;[0mINFO  step_definitions.LoginSteps -user successfully login the home page&amp#27;[m
  &amp#27;[32mThen &amp#27;[0m&amp#27;[32muser is navigate on Homepage&amp#27;[0m                         &amp#27;[90m# step_definitions.LoginSteps.validateLoginIsSuccessful()&amp#27;[0m
18:18:01.336 [main] &amp#27;[0mINFO  step_definitions.Hooks -Browser close as expected&amp#27;[m
]]></system-out>
    <system-err><![CDATA[Dec 14, 2021 6:17:59 PM org.openqa.selenium.remote.ProtocolHandshake createSession
INFO: Detected dialect: W3C
]]></system-err>
  </testcase>
  <testcase name="Check Login fail with wrong credentials" classname="Test Login Functionalities" time="5.066">
    <system-out><![CDATA[
@Login_Test @negative_test
Scenario: Check Login fail with wrong credentials         &amp#27;[90m# src/test/resources/Features/login.feature:33&amp#27;[0m
18:18:04.193 [main] &amp#27;[0mINFO  step_definitions.Hooks -Browser opens as expected&amp#27;[m
18:18:05.001 [main] &amp#27;[0mINFO  step_definitions.LoginSteps -user is on login page&amp#27;[m
  &amp#27;[32mGiven &amp#27;[0m&amp#27;[32muser is on login page&amp#27;[0m                             &amp#27;[90m# step_definitions.LoginSteps.NavigateToLoginPage()&amp#27;[0m
18:18:05.938 [main] &amp#27;[0mINFO  step_definitions.LoginSteps -user enters username and password&amp#27;[m
  &amp#27;[32mWhen &amp#27;[0m&amp#27;[32muser enters username "&amp#27;[0m&amp#27;[32m&amp#27;[1mEdward&amp#27;[0m&amp#27;[32m" and password "&amp#27;[0m&amp#27;[32m&amp#27;[1m44444&amp#27;[0m&amp#27;[32m"&amp#27;[0m &amp#27;[90m# step_definitions.LoginSteps.entersUserCredentials(java.lang.String,java.lang.String)&amp#27;[0m
18:18:06.144 [main] &amp#27;[0mINFO  step_definitions.LoginSteps -user click on login button&amp#27;[m
  &amp#27;[32mAnd &amp#27;[0m&amp#27;[32mclick on login button&amp#27;[0m                               &amp#27;[90m# step_definitions.LoginSteps.clickOnLoginButton()&amp#27;[0m
18:18:06.272 [main] &amp#27;[0mINFO  step_definitions.LoginSteps -user cannot login with invalid credentials&amp#27;[m
  &amp#27;[32mThen &amp#27;[0m&amp#27;[32muser is fail to Login&amp#27;[0m                              &amp#27;[90m# step_definitions.LoginSteps.logInfailvalidation()&amp#27;[0m
18:18:06.402 [main] &amp#27;[0mINFO  step_definitions.Hooks -Browser close as expected&amp#27;[m
]]></system-out>
    <system-err><![CDATA[Dec 14, 2021 6:18:04 PM org.openqa.selenium.remote.ProtocolHandshake createSession
INFO: Detected dialect: W3C
]]></system-err>
  </testcase>
  <testcase name="Calculate Real Apr Rate" classname="Mortgage Calculator" time="10.032">
    <system-out><![CDATA[
@calculateApr
Scenario: Calculate Real Apr Rate                         &amp#27;[90m# src/test/resources/Features/mortgageCalculator.feature:4&amp#27;[0m
18:18:09.374 [main] &amp#27;[0mINFO  step_definitions.Hooks -Browser opens as expected&amp#27;[m
18:18:11.387 [main] &amp#27;[0mINFO  step_definitions.MortgageCalculatorSteps -Mortgage Calculator Home Page opens&amp#27;[m
  &amp#27;[32mGiven &amp#27;[0m&amp#27;[32muser is on Mortgage Calculator Home page&amp#27;[0m          &amp#27;[90m# step_definitions.MortgageCalculatorSteps.navigateToMortgageCalculatorHomePage()&amp#27;[0m
18:18:13.479 [main] &amp#27;[0mINFO  step_definitions.MortgageCalculatorSteps -Navigate to real apr page&amp#27;[m
  &amp#27;[32mAnd &amp#27;[0m&amp#27;[32muser is navigate to Real Apr Page&amp#27;[0m                   &amp#27;[90m# step_definitions.MortgageCalculatorSteps.navigateToRealAprPage()&amp#27;[0m
18:18:16.131 [main] &amp#27;[0mINFO  step_definitions.MortgageCalculatorSteps -click on calculate button upon entering the data&amp#27;[m
  &amp#27;[32mWhen &amp#27;[0m&amp#27;[32muser clicks on Login Button upon entering the data&amp#27;[0m &amp#27;[90m# step_definitions.MortgageCalculatorSteps.clickOnCalculateButtonUponEnteringData(io.cucumber.datatable.DataTable)&amp#27;[0m
    | HomePrice | DownPayment | InterestRate |
    | 200000    | 15000       | 3            |
18:18:16.318 [main] &amp#27;[0mINFO  step_definitions.MortgageCalculatorSteps -validate the actual real apr rate&amp#27;[m
  &amp#27;[32mThen &amp#27;[0m&amp#27;[32mthe Real Apr rate is "&amp#27;[0m&amp#27;[32m&amp#27;[1m3.130%&amp#27;[0m&amp#27;[32m"&amp#27;[0m                      &amp#27;[90m# step_definitions.MortgageCalculatorSteps.validatingTheRealAprRate(java.lang.String)&amp#27;[0m
18:18:16.434 [main] &amp#27;[0mINFO  step_definitions.Hooks -Browser close as expected&amp#27;[m
]]></system-out>
    <system-err><![CDATA[Dec 14, 2021 6:18:09 PM org.openqa.selenium.remote.ProtocolHandshake createSession
INFO: Detected dialect: W3C
]]></system-err>
  </testcase>
</testsuite>